<?xml version="1.0" encoding="UTF-8"?>
<!-- Generated by org.testng.reporters.JUnitXMLReporter -->
<testsuite ignored="0" hostname="DESKTOP-I85STP7" failures="0" tests="4" name="Default test" time="33.56" errors="0" timestamp="2023-06-06T11:31:09 ICT">
  <testcase classname="testcase.TC001_LogIn" name="SuccessfullLogin" time="1.313"/>
  <testcase classname="testcase.TC001_LogIn" name="SuccessfullLogin" time="0.545"/>
  <testcase classname="testcase.TC001_LogIn" name="SuccessfullLogin" time="0.54"/>
  <testcase classname="testcase.TC001_LogIn" name="SuccessfullLogin" time="0.539"/>
</testsuite> <!-- Default test -->
